<?xml version="1.0" encoding="UTF-8"?>
<testng-results skipped="0" failed="0" ignored="0" total="0" passed="0">
  <reporter-output>
  </reporter-output>
  <suite name="resources.testdata.TestData" duration-ms="11" started-at="2023-05-07T21:55:55 BST" finished-at="2023-05-07T21:55:55 BST">
    <groups>
    </groups>
    <test name="Command line test" duration-ms="11" started-at="2023-05-07T21:55:55 BST" finished-at="2023-05-07T21:55:55 BST">
    </test> <!-- Command line test -->
  </suite> <!-- resources.testdata.TestData -->
</testng-results>
