<?xml version="1.0" encoding="UTF-8"?>
<testsuite name="Tutorialsninja Test"
           tests="2"
           failures="0"
           errors="0"
           skipped="0"
           time="13.538">
  <properties />
  
  
            <testcase name="verifyThatUserPlaceOrderSuccessfully" time="8.677" classname="tutorialsninja.com.testsuites.LaptopsAndNotebooksPageTest" />
                <testcase name="verifyProductsPriceDisplayHighToLowSuccessfully" time="4.861" classname="tutorialsninja.com.testsuites.LaptopsAndNotebooksPageTest" />
      
</testsuite>
