<?xml version="1.0" encoding="UTF-8"?>
<testsuite name="Tutorialsninja Test"
           tests="2"
           failures="0"
           errors="0"
           skipped="0"
           time="21.808">
  <properties />
  
  
            <testcase name="verifyProductArrangeInAlphabeticalOrder" time="6.863" classname="tutorialsninja.com.testsuites.DesktopsPageTest" />
                <testcase name="verifyProductAddedToShoppingCartSuccessFully" time="14.945" classname="tutorialsninja.com.testsuites.DesktopsPageTest" />
      
</testsuite>
